<?xml version="1.0" encoding="UTF-8"?>
<!-- Generated by org.testng.reporters.JUnitXMLReporter -->
<testsuite ignored="0" hostname="PRAKASH-V" failures="0" tests="11" name="Test" time="3.603" errors="0" timestamp="2024-09-27T12:56:35 IST">
  <testcase classname="testNGDemo.ProjectDemo" name="url" time="0.912"/>
  <testcase classname="testNGDemo.ProjectDemo" name="username" time="0.605"/>
  <testcase classname="testNGDemo.ProjectDemo" name="password" time="0.214"/>
  <testcase classname="testNGDemo.ProjectDemo" name="login" time="0.09"/>
  <testcase classname="testNGDemo.ProjectDemo" name="selectproduct" time="0.092"/>
  <testcase classname="testNGDemo.ProjectDemo" name="add" time="0.096"/>
  <testcase classname="testNGDemo.ProjectDemo" name="checkout" time="0.043"/>
  <testcase classname="testNGDemo.ProjectDemo" name="checkoutdetails" time="0.223"/>
  <testcase classname="testNGDemo.ProjectDemo" name="finish" time="0.044"/>
  <testcase classname="testNGDemo.ProjectDemo" name="backhome" time="1.147"/>
  <testcase classname="testNGDemo.ProjectDemo" name="pagerefresh" time="0.006"/>
</testsuite> <!-- Test -->
