<?xml version="1.0" encoding="UTF-8"?>
<testng-results ignored="0" total="3" passed="3" failed="0" skipped="0">
  <reporter-output>
  </reporter-output>
  <suite started-at="2024-09-11T15:58:54 IST" name="Suite" finished-at="2024-09-11T15:58:55 IST" duration-ms="921">
    <groups>
    </groups>
    <test started-at="2024-09-11T15:58:54 IST" name="Test" finished-at="2024-09-11T15:58:55 IST" duration-ms="921">
      <class name="testNGDemo.ProjectDemo">
        <test-method is-config="true" signature="start()[pri:0, instance:testNGDemo.ProjectDemo@7d8995e]" started-at="2024-09-11T15:58:52 IST" name="start" finished-at="2024-09-11T15:58:54 IST" duration-ms="1954" status="PASS">
          <reporter-output>
          </reporter-output>
        </test-method> <!-- start -->
        <test-method is-config="true" signature="maxi()[pri:0, instance:testNGDemo.ProjectDemo@7d8995e]" started-at="2024-09-11T15:58:54 IST" name="maxi" finished-at="2024-09-11T15:58:54 IST" duration-ms="30" status="PASS">
          <reporter-output>
          </reporter-output>
        </test-method> <!-- maxi -->
        <test-method signature="url(java.lang.String)[pri:0, instance:testNGDemo.ProjectDemo@7d8995e]" started-at="2024-09-11T15:58:54 IST" name="url" finished-at="2024-09-11T15:58:54 IST" duration-ms="152" status="PASS">
          <params>
            <param index="0">
              <value>
                <![CDATA[https://www.saucedemo.com/]]>
              </value>
            </param>
          </params>
          <reporter-output>
          </reporter-output>
        </test-method> <!-- url -->
        <test-method is-config="true" signature="login()[pri:0, instance:testNGDemo.ProjectDemo@7d8995e]" started-at="2024-09-11T15:58:54 IST" name="login" finished-at="2024-09-11T15:58:54 IST" duration-ms="350" status="PASS">
          <reporter-output>
          </reporter-output>
        </test-method> <!-- login -->
        <test-method is-config="true" signature="maxi()[pri:0, instance:testNGDemo.ProjectDemo@7d8995e]" started-at="2024-09-11T15:58:54 IST" name="maxi" finished-at="2024-09-11T15:58:54 IST" duration-ms="6" status="PASS">
          <reporter-output>
          </reporter-output>
        </test-method> <!-- maxi -->
        <test-method signature="username()[pri:1, instance:testNGDemo.ProjectDemo@7d8995e]" started-at="2024-09-11T15:58:54 IST" name="username" description="UserName Field" finished-at="2024-09-11T15:58:54 IST" duration-ms="99" status="PASS">
          <reporter-output>
          </reporter-output>
        </test-method> <!-- username -->
        <test-method is-config="true" signature="login()[pri:0, instance:testNGDemo.ProjectDemo@7d8995e]" started-at="2024-09-11T15:58:54 IST" name="login" finished-at="2024-09-11T15:58:54 IST" duration-ms="48" status="PASS">
          <reporter-output>
          </reporter-output>
        </test-method> <!-- login -->
        <test-method is-config="true" signature="maxi()[pri:0, instance:testNGDemo.ProjectDemo@7d8995e]" started-at="2024-09-11T15:58:54 IST" name="maxi" finished-at="2024-09-11T15:58:54 IST" duration-ms="4" status="PASS">
          <reporter-output>
          </reporter-output>
        </test-method> <!-- maxi -->
        <test-method signature="password()[pri:2, instance:testNGDemo.ProjectDemo@7d8995e]" started-at="2024-09-11T15:58:54 IST" name="password" description="Password Field" finished-at="2024-09-11T15:58:54 IST" depends-on-methods="testNGDemo.ProjectDemo.username" duration-ms="64" status="PASS">
          <reporter-output>
          </reporter-output>
        </test-method> <!-- password -->
        <test-method is-config="true" signature="login()[pri:0, instance:testNGDemo.ProjectDemo@7d8995e]" started-at="2024-09-11T15:58:54 IST" name="login" finished-at="2024-09-11T15:58:54 IST" duration-ms="69" status="PASS">
          <reporter-output>
          </reporter-output>
        </test-method> <!-- login -->
        <test-method is-config="true" signature="selectproduct()[pri:0, instance:testNGDemo.ProjectDemo@7d8995e]" started-at="2024-09-11T15:58:54 IST" name="selectproduct" finished-at="2024-09-11T15:58:55 IST" duration-ms="68" status="PASS">
          <reporter-output>
          </reporter-output>
        </test-method> <!-- selectproduct -->
        <test-method is-config="true" signature="add()[pri:0, instance:testNGDemo.ProjectDemo@7d8995e]" started-at="2024-09-11T15:58:55 IST" name="add" finished-at="2024-09-11T15:58:55 IST" duration-ms="94" status="PASS">
          <reporter-output>
          </reporter-output>
        </test-method> <!-- add -->
      </class> <!-- testNGDemo.ProjectDemo -->
    </test> <!-- Test -->
  </suite> <!-- Suite -->
</testng-results>
